#
# A fatal error has been detected by the Java Runtime Environment:
#
#  Internal Error (classFileParser.cpp:3494), pid=5976, tid=5256
#  Error: ShouldNotReachHere()
#
# JRE version: 6.0_41-b02
# Java VM: Java HotSpot(TM) 64-Bit Server VM (20.14-b01 mixed mode windows-amd64 compressed oops)
# If you would like to submit a bug report, please visit:
#   http://java.sun.com/webapps/bugreport/crash.jsp
#

---------------  T H R E A D  ---------------

Current thread (0x00000000002cb800):  JavaThread "Unknown thread" [_thread_in_vm, id=5256, stack(0x0000000002340000,0x0000000002440000)]

Stack: [0x0000000002340000,0x0000000002440000]
[error occurred during error reporting (printing stack bounds), id 0xc0000005]


---------------  P R O C E S S  ---------------

Java Threads: ( => current thread )

Other Threads:

=>0x00000000002cb800 (exited) JavaThread "Unknown thread" [_thread_in_vm, id=5256, stack(0x0000000002340000,0x0000000002440000)]

VM state:not at safepoint (not fully initialized)

VM Mutex/Monitor currently owned by a thread: None

Dynamic libraries:
0x0000000000400000 - 0x000000000042f000 	D:\Program Files\Java\jdk1.6.0_41\bin\javaw.exe
0x00000000771c0000 - 0x0000000077369000 	C:\Windows\SYSTEM32\ntdll.dll
0x00000000770a0000 - 0x00000000771bf000 	C:\Windows\system32\kernel32.dll
0x000007fefd320000 - 0x000007fefd38b000 	C:\Windows\system32\KERNELBASE.dll
0x000007fefdcc0000 - 0x000007fefdd9b000 	C:\Windows\system32\ADVAPI32.dll
0x000007fefed80000 - 0x000007fefee1f000 	C:\Windows\system32\msvcrt.dll
0x000007fefd540000 - 0x000007fefd55f000 	C:\Windows\SYSTEM32\sechost.dll
0x000007fefd410000 - 0x000007fefd53d000 	C:\Windows\system32\RPCRT4.dll
0x0000000076fa0000 - 0x000000007709a000 	C:\Windows\system32\USER32.dll
0x000007fefd3a0000 - 0x000007fefd407000 	C:\Windows\system32\GDI32.dll
0x000007fefd560000 - 0x000007fefd56e000 	C:\Windows\system32\LPK.dll
0x000007fefde80000 - 0x000007fefdf49000 	C:\Windows\system32\USP10.dll
0x000007fefd5c0000 - 0x000007fefd5ee000 	C:\Windows\system32\IMM32.DLL
0x000007fefdbb0000 - 0x000007fefdcb9000 	C:\Windows\system32\MSCTF.dll
0x000000006d8c0000 - 0x000000006e07c000 	D:\Program Files\Java\jdk1.6.0_41\jre\bin\server\jvm.dll
0x000007fefac90000 - 0x000007fefaccb000 	C:\Windows\system32\WINMM.dll
0x000000006d830000 - 0x000000006d83e000 	D:\Program Files\Java\jdk1.6.0_41\jre\bin\verify.dll
0x000000006d450000 - 0x000000006d477000 	D:\Program Files\Java\jdk1.6.0_41\jre\bin\java.dll
0x000000006d880000 - 0x000000006d892000 	D:\Program Files\Java\jdk1.6.0_41\jre\bin\zip.dll
0x0000000077380000 - 0x0000000077387000 	C:\Windows\system32\PSAPI.DLL

VM Arguments:
jvm_args: -Dfile.encoding=UTF-8 -Xbootclasspath:D:\android-sdks\platforms\android-18\android.jar 
java_command: cn.com.dc.app.client.util.AES
Launcher Type: SUN_STANDARD

Environment Variables:
JAVA_HOME=D:\Program Files\Java\jdk1.6.0_41
CLASSPATH=.;D:\Program Files\Java\jdk1.6.0_41/lib/dt.jar;D:\Program Files\Java\jdk1.6.0_41/lib/tools.jar;D:\Program Files (x86)\QuickTime\QTSystem\QTJava.zip
PATH=D:/Program Files/Java/jdk1.6.0_41/bin/../jre/bin/server;D:/Program Files/Java/jdk1.6.0_41/bin/../jre/bin;D:/Program Files/Java/jdk1.6.0_41/bin/../jre/lib/amd64;C:\Windows\system32;C:\Windows;C:\Windows\System32\Wbem;C:\Windows\System32\WindowsPowerShell\v1.0\;C:\Program Files\Microsoft\Web Platform Installer\;C:\Program Files (x86)\Microsoft ASP.NET\ASP.NET Web Pages\v1.0\;C:\Program Files (x86)\Windows Kits\8.0\Windows Performance Toolkit\;C:\Program Files\Microsoft SQL Server\110\Tools\Binn\;D:\Program Files (x86)\VisualSVN\bin;D:\Program Files\Java\jdk1.6.0_41/bin;D:\Program Files\Java\jdk1.6.0_41/jre/bin;D:\Program Files\TortoiseSVN\bin;C:\Program Files (x86)\Microsoft SQL Server\100\Tools\Binn\;C:\Program Files\Microsoft SQL Server\100\Tools\Binn\;C:\Program Files\Microsoft SQL Server\100\DTS\Binn\;D:\android-sdks\platform-tools;C:\Program Files (x86)\Microsoft SQL Server\100\Tools\Binn\VSShell\Common7\IDE\;C:\Program Files (x86)\Microsoft SQL Server\100\DTS\Binn\;C:\Microsoft SQL Server Migration Assistant for MySQL\bin\;D:\Program Files\MySQL\MySQL Server 5.6\bin;D:\Program Files (x86)\QuickTime\QTSystem\;D:\eclipse;
USERNAME=lynch
OS=Windows_NT
PROCESSOR_IDENTIFIER=Intel64 Family 6 Model 58 Stepping 9, GenuineIntel



---------------  S Y S T E M  ---------------

OS: Windows 7 , 64 bit Build 7601 Service Pack 1

CPU:total 4 (2 cores per cpu, 2 threads per core) family 6 model 58 stepping 9, cmov, cx8, fxsr, mmx, sse, sse2, sse3, ssse3, sse4.1, sse4.2, popcnt, ht

Memory: 4k page, physical 10344828k(6742520k free), swap 20687792k(16086440k free)

vm_info: Java HotSpot(TM) 64-Bit Server VM (20.14-b01) for windows-amd64 JRE (1.6.0_41-b02), built on Feb  8 2013 01:00:58 by "java_re" with MS VC++ 8.0 (VS2005)

time: Wed Feb 05 13:54:29 2014
elapsed time: 0 seconds

