2013-09-23 21:43:14 1196 [Note] Plugin 'FEDERATED' is disabled.
2013-09-23 21:43:14 1196 [Note] InnoDB: The InnoDB memory heap is disabled
2013-09-23 21:43:14 1196 [Note] InnoDB: Mutexes and rw_locks use Windows interlocked functions
2013-09-23 21:43:14 1196 [Note] InnoDB: Compressed tables use zlib 1.2.3
2013-09-23 21:43:14 1196 [Note] InnoDB: CPU does not support crc32 instructions
2013-09-23 21:43:14 1196 [Note] InnoDB: Initializing buffer pool, size = 128.0M
2013-09-23 21:43:14 1196 [Note] InnoDB: Completed initialization of buffer pool
2013-09-23 21:43:14 1196 [Note] InnoDB: Highest supported file format is Barracuda.
2013-09-23 21:43:14 1196 [Note] InnoDB: 128 rollback segment(s) are active.
2013-09-23 21:43:14 1196 [Note] InnoDB: Waiting for purge to start
2013-09-23 21:43:14 1196 [Note] InnoDB: 1.2.10 started; log sequence number 1625977
2013-09-23 21:43:14 1196 [Warning] No existing UUID has been found, so we assume that this is the first time that this server has been started. Generating a new UUID: 188a6dbd-2456-11e3-afcd-2cd4448f18ba.
2013-09-23 21:43:14 1196 [Note] Server hostname (bind-address): '*'; port: 3306
2013-09-23 21:43:14 1196 [Note] IPv6 is available.
2013-09-23 21:43:14 1196 [Note]   - '::' resolves to '::';
2013-09-23 21:43:14 1196 [Note] Server socket created on IP: '::'.
2013-09-23 21:43:14 1196 [ERROR] Can't start server: Bind on TCP/IP port: No such file or directory
2013-09-23 21:43:14 1196 [ERROR] Do you already have another mysqld server running on port: 3306 ?
2013-09-23 21:43:14 1196 [ERROR] Aborting

2013-09-23 21:43:14 1196 [Note] Binlog end
2013-09-23 21:43:14 1196 [Note] Shutting down plugin 'partition'
2013-09-23 21:43:14 1196 [Note] Shutting down plugin 'PERFORMANCE_SCHEMA'
2013-09-23 21:43:14 1196 [Note] Shutting down plugin 'INNODB_SYS_DATAFILES'
2013-09-23 21:43:14 1196 [Note] Shutting down plugin 'INNODB_SYS_TABLESPACES'
2013-09-23 21:43:14 1196 [Note] Shutting down plugin 'INNODB_SYS_FOREIGN_COLS'
2013-09-23 21:43:14 1196 [Note] Shutting down plugin 'INNODB_SYS_FOREIGN'
2013-09-23 21:43:14 1196 [Note] Shutting down plugin 'INNODB_SYS_FIELDS'
2013-09-23 21:43:14 1196 [Note] Shutting down plugin 'INNODB_SYS_COLUMNS'
2013-09-23 21:43:14 1196 [Note] Shutting down plugin 'INNODB_SYS_INDEXES'
2013-09-23 21:43:14 1196 [Note] Shutting down plugin 'INNODB_SYS_TABLESTATS'
2013-09-23 21:43:14 1196 [Note] Shutting down plugin 'INNODB_SYS_TABLES'
2013-09-23 21:43:14 1196 [Note] Shutting down plugin 'INNODB_FT_INDEX_TABLE'
2013-09-23 21:43:14 1196 [Note] Shutting down plugin 'INNODB_FT_INDEX_CACHE'
2013-09-23 21:43:14 1196 [Note] Shutting down plugin 'INNODB_FT_CONFIG'
2013-09-23 21:43:14 1196 [Note] Shutting down plugin 'INNODB_FT_BEING_DELETED'
2013-09-23 21:43:14 1196 [Note] Shutting down plugin 'INNODB_FT_DELETED'
2013-09-23 21:43:14 1196 [Note] Shutting down plugin 'INNODB_FT_INSERTED'
2013-09-23 21:43:14 1196 [Note] Shutting down plugin 'INNODB_FT_DEFAULT_STOPWORD'
2013-09-23 21:43:14 1196 [Note] Shutting down plugin 'INNODB_METRICS'
2013-09-23 21:43:14 1196 [Note] Shutting down plugin 'INNODB_BUFFER_POOL_STATS'
2013-09-23 21:43:14 1196 [Note] Shutting down plugin 'INNODB_BUFFER_PAGE_LRU'
2013-09-23 21:43:14 1196 [Note] Shutting down plugin 'INNODB_BUFFER_PAGE'
2013-09-23 21:43:14 1196 [Note] Shutting down plugin 'INNODB_CMP_PER_INDEX_RESET'
2013-09-23 21:43:14 1196 [Note] Shutting down plugin 'INNODB_CMP_PER_INDEX'
2013-09-23 21:43:14 1196 [Note] Shutting down plugin 'INNODB_CMPMEM_RESET'
2013-09-23 21:43:14 1196 [Note] Shutting down plugin 'INNODB_CMPMEM'
2013-09-23 21:43:14 1196 [Note] Shutting down plugin 'INNODB_CMP_RESET'
2013-09-23 21:43:14 1196 [Note] Shutting down plugin 'INNODB_CMP'
2013-09-23 21:43:14 1196 [Note] Shutting down plugin 'INNODB_LOCK_WAITS'
2013-09-23 21:43:14 1196 [Note] Shutting down plugin 'INNODB_LOCKS'
2013-09-23 21:43:14 1196 [Note] Shutting down plugin 'INNODB_TRX'
2013-09-23 21:43:14 1196 [Note] Shutting down plugin 'InnoDB'
2013-09-23 21:43:14 1196 [Note] InnoDB: FTS optimize thread exiting.
2013-09-23 21:43:14 1196 [Note] InnoDB: Starting shutdown...
2013-09-23 21:43:16 1196 [Note] InnoDB: Shutdown completed; log sequence number 1625987
2013-09-23 21:43:16 1196 [Note] Shutting down plugin 'BLACKHOLE'
2013-09-23 21:43:16 1196 [Note] Shutting down plugin 'ARCHIVE'
2013-09-23 21:43:16 1196 [Note] Shutting down plugin 'MRG_MYISAM'
2013-09-23 21:43:16 1196 [Note] Shutting down plugin 'MyISAM'
2013-09-23 21:43:16 1196 [Note] Shutting down plugin 'MEMORY'
2013-09-23 21:43:16 1196 [Note] Shutting down plugin 'CSV'
2013-09-23 21:43:16 1196 [Note] Shutting down plugin 'sha256_password'
2013-09-23 21:43:16 1196 [Note] Shutting down plugin 'mysql_old_password'
2013-09-23 21:43:16 1196 [Note] Shutting down plugin 'mysql_native_password'
2013-09-23 21:43:16 1196 [Note] Shutting down plugin 'binlog'
2013-09-23 21:43:16 1196 [Note] mysqld: Shutdown complete

2013-09-23 22:02:58 10236 [Note] Plugin 'FEDERATED' is disabled.
2013-09-23 22:02:58 10236 [Note] InnoDB: The InnoDB memory heap is disabled
2013-09-23 22:02:58 10236 [Note] InnoDB: Mutexes and rw_locks use Windows interlocked functions
2013-09-23 22:02:58 10236 [Note] InnoDB: Compressed tables use zlib 1.2.3
2013-09-23 22:02:58 10236 [Note] InnoDB: CPU does not support crc32 instructions
2013-09-23 22:02:58 10236 [Note] InnoDB: Initializing buffer pool, size = 128.0M
2013-09-23 22:02:58 10236 [Note] InnoDB: Completed initialization of buffer pool
2013-09-23 22:02:58 10236 [Note] InnoDB: Highest supported file format is Barracuda.
2013-09-23 22:02:58 10236 [Note] InnoDB: 128 rollback segment(s) are active.
2013-09-23 22:02:58 10236 [Note] InnoDB: Waiting for purge to start
2013-09-23 22:02:58 10236 [Note] InnoDB: 1.2.10 started; log sequence number 1625987
2013-09-23 22:02:58 10236 [Note] Server hostname (bind-address): '*'; port: 3306
2013-09-23 22:02:58 10236 [Note] IPv6 is available.
2013-09-23 22:02:58 10236 [Note]   - '::' resolves to '::';
2013-09-23 22:02:58 10236 [Note] Server socket created on IP: '::'.
2013-09-23 22:02:58 10236 [ERROR] Can't start server: Bind on TCP/IP port: No such file or directory
2013-09-23 22:02:58 10236 [ERROR] Do you already have another mysqld server running on port: 3306 ?
2013-09-23 22:02:58 10236 [ERROR] Aborting

2013-09-23 22:02:58 10236 [Note] Binlog end
2013-09-23 22:02:58 10236 [Note] Shutting down plugin 'partition'
2013-09-23 22:02:58 10236 [Note] Shutting down plugin 'PERFORMANCE_SCHEMA'
2013-09-23 22:02:59 10236 [Note] Shutting down plugin 'INNODB_SYS_DATAFILES'
2013-09-23 22:02:59 10236 [Note] Shutting down plugin 'INNODB_SYS_TABLESPACES'
2013-09-23 22:02:59 10236 [Note] Shutting down plugin 'INNODB_SYS_FOREIGN_COLS'
2013-09-23 22:02:59 10236 [Note] Shutting down plugin 'INNODB_SYS_FOREIGN'
2013-09-23 22:02:59 10236 [Note] Shutting down plugin 'INNODB_SYS_FIELDS'
2013-09-23 22:02:59 10236 [Note] Shutting down plugin 'INNODB_SYS_COLUMNS'
2013-09-23 22:02:59 10236 [Note] Shutting down plugin 'INNODB_SYS_INDEXES'
2013-09-23 22:02:59 10236 [Note] Shutting down plugin 'INNODB_SYS_TABLESTATS'
2013-09-23 22:02:59 10236 [Note] Shutting down plugin 'INNODB_SYS_TABLES'
2013-09-23 22:02:59 10236 [Note] Shutting down plugin 'INNODB_FT_INDEX_TABLE'
2013-09-23 22:02:59 10236 [Note] Shutting down plugin 'INNODB_FT_INDEX_CACHE'
2013-09-23 22:02:59 10236 [Note] Shutting down plugin 'INNODB_FT_CONFIG'
2013-09-23 22:02:59 10236 [Note] Shutting down plugin 'INNODB_FT_BEING_DELETED'
2013-09-23 22:02:59 10236 [Note] Shutting down plugin 'INNODB_FT_DELETED'
2013-09-23 22:02:59 10236 [Note] Shutting down plugin 'INNODB_FT_INSERTED'
2013-09-23 22:02:59 10236 [Note] Shutting down plugin 'INNODB_FT_DEFAULT_STOPWORD'
2013-09-23 22:02:59 10236 [Note] Shutting down plugin 'INNODB_METRICS'
2013-09-23 22:02:59 10236 [Note] Shutting down plugin 'INNODB_BUFFER_POOL_STATS'
2013-09-23 22:02:59 10236 [Note] Shutting down plugin 'INNODB_BUFFER_PAGE_LRU'
2013-09-23 22:02:59 10236 [Note] Shutting down plugin 'INNODB_BUFFER_PAGE'
2013-09-23 22:02:59 10236 [Note] Shutting down plugin 'INNODB_CMP_PER_INDEX_RESET'
2013-09-23 22:02:59 10236 [Note] Shutting down plugin 'INNODB_CMP_PER_INDEX'
2013-09-23 22:02:59 10236 [Note] Shutting down plugin 'INNODB_CMPMEM_RESET'
2013-09-23 22:02:59 10236 [Note] Shutting down plugin 'INNODB_CMPMEM'
2013-09-23 22:02:59 10236 [Note] Shutting down plugin 'INNODB_CMP_RESET'
2013-09-23 22:02:59 10236 [Note] Shutting down plugin 'INNODB_CMP'
2013-09-23 22:02:59 10236 [Note] Shutting down plugin 'INNODB_LOCK_WAITS'
2013-09-23 22:02:59 10236 [Note] Shutting down plugin 'INNODB_LOCKS'
2013-09-23 22:02:59 10236 [Note] Shutting down plugin 'INNODB_TRX'
2013-09-23 22:02:59 10236 [Note] Shutting down plugin 'InnoDB'
2013-09-23 22:02:59 10236 [Note] InnoDB: FTS optimize thread exiting.
2013-09-23 22:02:59 10236 [Note] InnoDB: Starting shutdown...
2013-09-23 22:03:00 10236 [Note] InnoDB: Shutdown completed; log sequence number 1625997
2013-09-23 22:03:00 10236 [Note] Shutting down plugin 'BLACKHOLE'
2013-09-23 22:03:00 10236 [Note] Shutting down plugin 'ARCHIVE'
2013-09-23 22:03:00 10236 [Note] Shutting down plugin 'MRG_MYISAM'
2013-09-23 22:03:00 10236 [Note] Shutting down plugin 'MyISAM'
2013-09-23 22:03:00 10236 [Note] Shutting down plugin 'MEMORY'
2013-09-23 22:03:00 10236 [Note] Shutting down plugin 'CSV'
2013-09-23 22:03:00 10236 [Note] Shutting down plugin 'sha256_password'
2013-09-23 22:03:00 10236 [Note] Shutting down plugin 'mysql_old_password'
2013-09-23 22:03:00 10236 [Note] Shutting down plugin 'mysql_native_password'
2013-09-23 22:03:00 10236 [Note] Shutting down plugin 'binlog'
2013-09-23 22:03:00 10236 [Note] mysqld: Shutdown complete

